#-----------------------------------------------------------
# Vivado v2018.2 (64-bit)
# SW Build 2258646 on Thu Jun 14 20:03:12 MDT 2018
# IP Build 2256618 on Thu Jun 14 22:10:49 MDT 2018
# Start of session at: Wed Jan 31 08:09:41 2024
# Process ID: 22572
# Current directory: C:/Users/Matiahna.Thornton/Downloads/ECE_281/ICE2/ece281-ice2
# Command line: vivado.exe -gui_launcher_event rodinguilauncherevent4848 C:\Users\Matiahna.Thornton\Downloads\ECE_281\ICE2\ece281-ice2\halfAdder.xpr
# Log file: C:/Users/Matiahna.Thornton/Downloads/ECE_281/ICE2/ece281-ice2/vivado.log
# Journal file: C:/Users/Matiahna.Thornton/Downloads/ECE_281/ICE2/ece281-ice2\vivado.jou
#-----------------------------------------------------------
start_guiopen_project C:/Users/Matiahna.Thornton/Downloads/ECE_281/ICE2/ece281-ice2/halfAdder.xpr
SScanning sources...FFinished scanning sourcesWARNING: [filemgmt 56-3] IPUserFilesDir: Could not find the directory 'C:/Users/Matiahna.Thornton/Downloads/ECE_281/ICE2/ece281-ice2/halfAdder.ip_user_files'.
CRITICAL WARNING: [Board 49-67] The board_part definition was not found for digilentinc.com:basys3:part0:1.1. This can happen sometimes when you use custom board part. You can resolve this issue by setting 'board.repoPaths' parameter, pointing to the location of custom board files. Valid board_part values can be retrieved with the 'get_board_parts' Tcl command.
INFO: [IP_Flow 19-234] Refreshing IP repositories
INFO: [IP_Flow 19-1704] No user IP repositories specified
INFO: [IP_Flow 19-2313] Loaded Vivado IP repository 'C:/Xilinx/Vivado/2018.2/data/ip'.
oopen_project: Time (s): cpu = 00:00:12 ; elapsed = 00:00:12 . Memory (MB): peak = 733.113 ; gain = 46.930uupdate_compile_order -fileset sources_1eexit
INFO: [Common 17-206] Exiting Vivado at Wed Jan 31 08:15:40 2024...
d_apps' failed due to earlier errors.

exit
INFO: [Common 17-206] Exiting Vivado at Wed Jan 31 08:15:51 2024...
